
pr2_b.elf:     file format elf32-littleriscv
pr2_b.elf
architecture: riscv:rv32, flags 0x00000112:
EXEC_P, HAS_SYMS, D_PAGED
start address 0x00000000

Program Header:
    LOAD off    0x00001000 vaddr 0x00000000 paddr 0x00000000 align 2**12
         filesz 0x0000008c memsz 0x0000008c flags r-x
    LOAD off    0x00002000 vaddr 0x00010000 paddr 0x00010000 align 2**12
         filesz 0x00000020 memsz 0x00000048 flags rw-

Sections:
Idx Name              Size      VMA       LMA       File off  Algn  Flags
  0 .text             0000008c  00000000  00000000  00001000  2**2  CONTENTS, ALLOC, LOAD, READONLY, CODE
  1 .data             00000020  00010000  00010000  00002000  2**0  CONTENTS, ALLOC, LOAD, DATA
  2 .bss              00000028  00010020  00010020  00002020  2**0  ALLOC
  3 .riscv.attributes 0000001f  00000000  00000000  00002020  2**0  CONTENTS, READONLY
  4 .debug_line       000000eb  00000000  00000000  0000203f  2**0  CONTENTS, READONLY, DEBUGGING, OCTETS
  5 .debug_info       00000026  00000000  00000000  0000212a  2**0  CONTENTS, READONLY, DEBUGGING, OCTETS
  6 .debug_abbrev     00000014  00000000  00000000  00002150  2**0  CONTENTS, READONLY, DEBUGGING, OCTETS
  7 .debug_aranges    00000020  00000000  00000000  00002168  2**3  CONTENTS, READONLY, DEBUGGING, OCTETS
  8 .debug_str        00000037  00000000  00000000  00002188  2**0  CONTENTS, READONLY, DEBUGGING, OCTETS
SYMBOL TABLE:
00000000 l    d  .text	00000000 .text
00010000 l    d  .data	00000000 .data
00010020 l    d  .bss	00000000 .bss
00000000 l    d  .riscv.attributes	00000000 .riscv.attributes
00000000 l    d  .debug_line	00000000 .debug_line
00000000 l    d  .debug_info	00000000 .debug_info
00000000 l    d  .debug_abbrev	00000000 .debug_abbrev
00000000 l    d  .debug_aranges	00000000 .debug_aranges
00000000 l    d  .debug_str	00000000 .debug_str
00000000 l    df *ABS*	00000000 ./pr2_b.o
00000008 l       *ABS*	00000000 N
00010000 l       *ABS*	00000000 INT_MAX
00010000 l       .data	00000000 V
00010020 l       .bss	00000000 W
00010040 l       .bss	00000000 min
00010044 l       .bss	00000000 ind
00000020 l       .text	00000000 for_j
00000088 l       .text	00000000 fin_for_j
00000028 l       .text	00000000 for_i
00000054 l       .text	00000000 fin_for_i
00000040 l       .text	00000000 if
0000004c l       .text	00000000 fin_if
00000000 g       .text	00000000 main



Disassembly of section .text:

00000000 <main>:
main():
D:\FC2practicasWS\pr2_b\Debug/../pr2_b.asm:48
ind: .space 4


.text
main:
	la s0, min
   0:	00010417          	auipc	s0,0x10
   4:	04040413          	addi	s0,s0,64 # 10040 <min>
D:\FC2practicasWS\pr2_b\Debug/../pr2_b.asm:49
	li t0, INT_MAX //t0=INT_MAX
   8:	000102b7          	lui	t0,0x10
D:\FC2practicasWS\pr2_b\Debug/../pr2_b.asm:50
	li s1, N //s1=N
   c:	00800493          	li	s1,8
D:\FC2practicasWS\pr2_b\Debug/../pr2_b.asm:51
	la s2, ind
  10:	00010917          	auipc	s2,0x10
  14:	03490913          	addi	s2,s2,52 # 10044 <ind>
D:\FC2practicasWS\pr2_b\Debug/../pr2_b.asm:53

	mv s3, zero //s3 es j
  18:	00000993          	li	s3,0
D:\FC2practicasWS\pr2_b\Debug/../pr2_b.asm:54
	mv s4, zero //s4 es i
  1c:	00000a13          	li	s4,0

00000020 <for_j>:
for_j():
D:\FC2practicasWS\pr2_b\Debug/../pr2_b.asm:57

for_j:
	bge s3,s1,fin_for_j
  20:	0699d463          	bge	s3,s1,88 <fin_for_j>
D:\FC2practicasWS\pr2_b\Debug/../pr2_b.asm:58
	mv s0, t0
  24:	00028413          	mv	s0,t0

00000028 <for_i>:
for_i():
D:\FC2practicasWS\pr2_b\Debug/../pr2_b.asm:60
for_i:
	bge s4,s1,fin_for_i
  28:	029a5663          	bge	s4,s1,54 <fin_for_i>
D:\FC2practicasWS\pr2_b\Debug/../pr2_b.asm:61
	la t1,V //t1 tiene la dirección base de V (t1=-7)
  2c:	00010317          	auipc	t1,0x10
  30:	fd430313          	addi	t1,t1,-44 # 10000 <INT_MAX>
D:\FC2practicasWS\pr2_b\Debug/../pr2_b.asm:62
	slli t2,s4,2 //t2 contiene (t1 << 2), igual a (i*4)
  34:	002a1393          	slli	t2,s4,0x2
D:\FC2practicasWS\pr2_b\Debug/../pr2_b.asm:63
	add t3, t1, t2 //t3 contiene "s1 + t1*4", justo la dirección buscada (t3=efectiva de v[i]
  38:	00730e33          	add	t3,t1,t2
D:\FC2practicasWS\pr2_b\Debug/../pr2_b.asm:64
	lw s5, 0(t3) //cargo en s5 el valor de V[i]
  3c:	000e2a83          	lw	s5,0(t3)

00000040 <if>:
if():
D:\FC2practicasWS\pr2_b\Debug/../pr2_b.asm:66
if:
	bge s5,s0,fin_if // V[i]<min (operación inversa)
  40:	008ad663          	bge	s5,s0,4c <fin_if>
D:\FC2practicasWS\pr2_b\Debug/../pr2_b.asm:67
	mv s0,s5 //min=V[i]
  44:	000a8413          	mv	s0,s5
D:\FC2practicasWS\pr2_b\Debug/../pr2_b.asm:68
	mv s2,s4 //ind=i
  48:	000a0913          	mv	s2,s4

0000004c <fin_if>:
fin_if():
D:\FC2practicasWS\pr2_b\Debug/../pr2_b.asm:70
fin_if:
	addi s4,s4,1 //i++
  4c:	001a0a13          	addi	s4,s4,1
D:\FC2practicasWS\pr2_b\Debug/../pr2_b.asm:71
	j for_i
  50:	fd9ff06f          	j	28 <for_i>

00000054 <fin_for_i>:
fin_for_i():
D:\FC2practicasWS\pr2_b\Debug/../pr2_b.asm:73
fin_for_i:
	la t4,W
  54:	00010e97          	auipc	t4,0x10
  58:	fcce8e93          	addi	t4,t4,-52 # 10020 <W>
D:\FC2practicasWS\pr2_b\Debug/../pr2_b.asm:74
	slli t5,s3,2 //j*4
  5c:	00299f13          	slli	t5,s3,0x2
D:\FC2practicasWS\pr2_b\Debug/../pr2_b.asm:75
	add t6, t5, t4 //t6=efectiva de W[j]
  60:	01df0fb3          	add	t6,t5,t4
D:\FC2practicasWS\pr2_b\Debug/../pr2_b.asm:76
	sw s0, 0(t6) //s0 es v[index]
  64:	008fa023          	sw	s0,0(t6)
D:\FC2practicasWS\pr2_b\Debug/../pr2_b.asm:79


	la t1,V
  68:	00010317          	auipc	t1,0x10
  6c:	f9830313          	addi	t1,t1,-104 # 10000 <INT_MAX>
D:\FC2practicasWS\pr2_b\Debug/../pr2_b.asm:80
	slli t2,s2,2 //ind*4
  70:	00291393          	slli	t2,s2,0x2
D:\FC2practicasWS\pr2_b\Debug/../pr2_b.asm:81
	add t3, t1, t2 //t2=efectiva de V[index]
  74:	00730e33          	add	t3,t1,t2
D:\FC2practicasWS\pr2_b\Debug/../pr2_b.asm:82
	sw t0, 0(t3) //guarda intMax en v[index]
  78:	005e2023          	sw	t0,0(t3)
D:\FC2practicasWS\pr2_b\Debug/../pr2_b.asm:83
	mv s4, zero //s4 es i
  7c:	00000a13          	li	s4,0
D:\FC2practicasWS\pr2_b\Debug/../pr2_b.asm:85

	addi s3,s3,1 //j++
  80:	00198993          	addi	s3,s3,1
D:\FC2practicasWS\pr2_b\Debug/../pr2_b.asm:86
	j for_j
  84:	f9dff06f          	j	20 <for_j>

00000088 <fin_for_j>:
fin_for_j():
D:\FC2practicasWS\pr2_b\Debug/../pr2_b.asm:88
fin_for_j:
	j .
  88:	0000006f          	j	88 <fin_for_j>
