
pr4.elf:     file format elf32-littleriscv
pr4.elf
architecture: riscv:rv32, flags 0x00000112:
EXEC_P, HAS_SYMS, D_PAGED
start address 0x00000168

Program Header:
    LOAD off    0x00001000 vaddr 0x00000000 paddr 0x00000000 align 2**12
         filesz 0x000001cc memsz 0x000001cc flags r-x
    LOAD off    0x00002000 vaddr 0x00010000 paddr 0x00010000 align 2**12
         filesz 0x00000028 memsz 0x00000029 flags rw-

Sections:
Idx Name              Size      VMA       LMA       File off  Algn  Flags
  0 .text             0000008c  00000000  00000000  00001000  2**2  CONTENTS, ALLOC, LOAD, READONLY, CODE
  1 .text.mul         00000084  0000008c  0000008c  0000108c  2**2  CONTENTS, ALLOC, LOAD, READONLY, CODE
  2 .text.i_sqrt      00000058  00000110  00000110  00001110  2**2  CONTENTS, ALLOC, LOAD, READONLY, CODE
  3 .text.main        00000064  00000168  00000168  00001168  2**2  CONTENTS, ALLOC, LOAD, READONLY, CODE
  4 .data.U           00000014  00010000  00010000  00002000  2**2  CONTENTS, ALLOC, LOAD, DATA
  5 .data.V           00000014  00010014  00010014  00002014  2**2  CONTENTS, ALLOC, LOAD, DATA
  6 .sbss.mayor_u     00000001  00010028  00010028  00002028  2**0  ALLOC
  7 .riscv.attributes 00000021  00000000  00000000  00002028  2**0  CONTENTS, READONLY
  8 .comment          00000012  00000000  00000000  00002049  2**0  CONTENTS, READONLY
  9 .debug_line       00000247  00000000  00000000  0000205b  2**0  CONTENTS, READONLY, DEBUGGING, OCTETS
 10 .debug_info       00000171  00000000  00000000  000022a2  2**0  CONTENTS, READONLY, DEBUGGING, OCTETS
 11 .debug_abbrev     00000100  00000000  00000000  00002413  2**0  CONTENTS, READONLY, DEBUGGING, OCTETS
 12 .debug_aranges    00000050  00000000  00000000  00002518  2**3  CONTENTS, READONLY, DEBUGGING, OCTETS
 13 .debug_str        00002405  00000000  00000000  00002568  2**0  CONTENTS, READONLY, DEBUGGING, OCTETS
 14 .debug_ranges     00000020  00000000  00000000  0000496d  2**0  CONTENTS, READONLY, DEBUGGING, OCTETS
 15 .debug_macro      000006ff  00000000  00000000  0000498d  2**0  CONTENTS, READONLY, DEBUGGING, OCTETS
 16 .debug_frame      00000078  00000000  00000000  0000508c  2**2  CONTENTS, READONLY, DEBUGGING, OCTETS
SYMBOL TABLE:
00000000 l    d  .text	00000000 .text
0000008c l    d  .text.mul	00000000 .text.mul
00000110 l    d  .text.i_sqrt	00000000 .text.i_sqrt
00000168 l    d  .text.main	00000000 .text.main
00010000 l    d  .data.U	00000000 .data.U
00010014 l    d  .data.V	00000000 .data.V
00010028 l    d  .sbss.mayor_u	00000000 .sbss.mayor_u
00000000 l    d  .riscv.attributes	00000000 .riscv.attributes
00000000 l    d  .comment	00000000 .comment
00000000 l    d  .debug_line	00000000 .debug_line
00000000 l    d  .debug_info	00000000 .debug_info
00000000 l    d  .debug_abbrev	00000000 .debug_abbrev
00000000 l    d  .debug_aranges	00000000 .debug_aranges
00000000 l    d  .debug_str	00000000 .debug_str
00000000 l    d  .debug_ranges	00000000 .debug_ranges
00000000 l    d  .debug_macro	00000000 .debug_macro
00000000 l    d  .debug_frame	00000000 .debug_frame
00000000 l    df *ABS*	00000000 ./fun_asm.o
00000028 l       .text	00000000 for
0000004c l       .text	00000000 return_eucl
00000000 l    df *ABS*	00000000 pr4.c
00000000 g       .text	00000000 eucl_dist
00000110 g     F .text.i_sqrt	00000058 i_sqrt
00010014 g     O .data.V	00000014 V
0000008c g     F .text.mul	00000084 mul
00000168 g     F .text.main	00000064 main
00010028 g     O .sbss.mayor_u	00000001 mayor_u
00010000 g     O .data.U	00000014 U
00000070 g       .text	00000000 guardar



Disassembly of section .text:

00000000 <eucl_dist>:
eucl_dist():
E:\FC2practicasWS\pr4\Debug/../fun_asm.asm:25
.extern mul

//int eucl_dist(int * w, int size);
eucl_dist:
    //recibo dirección de W en a0, y tamaño N en a1
    addi sp, sp, -20
   0:	fec10113          	addi	sp,sp,-20
E:\FC2practicasWS\pr4\Debug/../fun_asm.asm:26
    sw ra, 16(sp)
   4:	00112823          	sw	ra,16(sp)
E:\FC2practicasWS\pr4\Debug/../fun_asm.asm:27
    sw s0, 12(sp)
   8:	00812623          	sw	s0,12(sp)
E:\FC2practicasWS\pr4\Debug/../fun_asm.asm:28
    sw s1, 8(sp)
   c:	00912423          	sw	s1,8(sp)
E:\FC2practicasWS\pr4\Debug/../fun_asm.asm:29
    sw s2, 4(sp)
  10:	01212223          	sw	s2,4(sp)
E:\FC2practicasWS\pr4\Debug/../fun_asm.asm:30
    sw s3, 0(sp)
  14:	01312023          	sw	s3,0(sp)
E:\FC2practicasWS\pr4\Debug/../fun_asm.asm:32

    mv s0, a0 //s0 guarda W
  18:	00050413          	mv	s0,a0
E:\FC2practicasWS\pr4\Debug/../fun_asm.asm:33
    mv s1, a1 //s1 guarda N
  1c:	00058493          	mv	s1,a1
E:\FC2practicasWS\pr4\Debug/../fun_asm.asm:34
    li s2, 0 //s2 guarda acc
  20:	00000913          	li	s2,0
E:\FC2practicasWS\pr4\Debug/../fun_asm.asm:35
    li s3, 0 //s3 guarda i
  24:	00000993          	li	s3,0

00000028 <for>:
for():
E:\FC2practicasWS\pr4\Debug/../fun_asm.asm:39

    //realizo los cálculos pertinentes
for:
	bge s3, s1, return_eucl
  28:	0299d263          	bge	s3,s1,4c <return_eucl>
E:\FC2practicasWS\pr4\Debug/../fun_asm.asm:40
	lw a0, 0(s0) //1er arg: W[i]
  2c:	00042503          	lw	a0,0(s0)
E:\FC2practicasWS\pr4\Debug/../fun_asm.asm:41
	lw a1, 0(s0) //2º arg: W[i]
  30:	00042583          	lw	a1,0(s0)
E:\FC2practicasWS\pr4\Debug/../fun_asm.asm:42
	call mul //llamada a mul
  34:	058000ef          	jal	ra,8c <mul>
E:\FC2practicasWS\pr4\Debug/../fun_asm.asm:43
	mv t0, a0
  38:	00050293          	mv	t0,a0
E:\FC2practicasWS\pr4\Debug/../fun_asm.asm:45
	//sw a0, 0(t0) //guardo el resultado de mul
	add s2, s2, t0 //acc+=mul
  3c:	00590933          	add	s2,s2,t0
E:\FC2practicasWS\pr4\Debug/../fun_asm.asm:49
	//sw s2, 0(s2)
	//Hay que guardar acc???
//continua:
	addi s3, s3,1 //i++
  40:	00198993          	addi	s3,s3,1
E:\FC2practicasWS\pr4\Debug/../fun_asm.asm:50
	addi s0, s0, 4 //W++
  44:	00440413          	addi	s0,s0,4
E:\FC2practicasWS\pr4\Debug/../fun_asm.asm:51
	j for
  48:	fe1ff06f          	j	28 <for>

0000004c <return_eucl>:
return_eucl():
E:\FC2practicasWS\pr4\Debug/../fun_asm.asm:54
return_eucl:
    //devuelvo el resultado en a0
    mv a0, s2
  4c:	00090513          	mv	a0,s2
E:\FC2practicasWS\pr4\Debug/../fun_asm.asm:56
    //lw a0,0(s2)?
    call i_sqrt
  50:	0c0000ef          	jal	ra,110 <i_sqrt>
E:\FC2practicasWS\pr4\Debug/../fun_asm.asm:59
    //sw a0,

    lw ra, 16(sp)
  54:	01012083          	lw	ra,16(sp)
E:\FC2practicasWS\pr4\Debug/../fun_asm.asm:60
    lw s0, 12(sp)
  58:	00c12403          	lw	s0,12(sp)
E:\FC2practicasWS\pr4\Debug/../fun_asm.asm:61
    lw s1, 8(sp)
  5c:	00812483          	lw	s1,8(sp)
E:\FC2practicasWS\pr4\Debug/../fun_asm.asm:62
    lw s2, 4(sp)
  60:	00412903          	lw	s2,4(sp)
E:\FC2practicasWS\pr4\Debug/../fun_asm.asm:63
    lw s3, 0(sp)
  64:	00012983          	lw	s3,0(sp)
E:\FC2practicasWS\pr4\Debug/../fun_asm.asm:64
    addi sp, sp, 20
  68:	01410113          	addi	sp,sp,20
E:\FC2practicasWS\pr4\Debug/../fun_asm.asm:65
    ret //ret i_sqrt?
  6c:	00008067          	ret

00000070 <guardar>:
guardar():
E:\FC2practicasWS\pr4\Debug/../fun_asm.asm:70

//int guardar(char valor, char * ubicacion);
guardar:
    //recibo el valor en a0, y la dirección destino en a1
    addi sp, sp, -8
  70:	ff810113          	addi	sp,sp,-8
E:\FC2practicasWS\pr4\Debug/../fun_asm.asm:71
    sw s0, 4(sp)
  74:	00812223          	sw	s0,4(sp)
E:\FC2practicasWS\pr4\Debug/../fun_asm.asm:72
    sw s1, 0(sp)
  78:	00912023          	sw	s1,0(sp)
E:\FC2practicasWS\pr4\Debug/../fun_asm.asm:74

    mv s0, a0 //s0 guarda valor
  7c:	00050413          	mv	s0,a0
E:\FC2practicasWS\pr4\Debug/../fun_asm.asm:75
    mv s1, a1 //s1 guarda ubicación
  80:	00058493          	mv	s1,a1
E:\FC2practicasWS\pr4\Debug/../fun_asm.asm:76
    mv a1, a0
  84:	00050593          	mv	a1,a0
E:\FC2practicasWS\pr4\Debug/../fun_asm.asm:77
    ret
  88:	00008067          	ret

Disassembly of section .text.mul:

0000008c <mul>:
mul():
D:\FC2practicasWS\pr4\Debug/../pr4.c:35
  8c:	fd010113          	addi	sp,sp,-48
  90:	02812623          	sw	s0,44(sp)
  94:	03010413          	addi	s0,sp,48
  98:	fca42e23          	sw	a0,-36(s0)
  9c:	fcb42c23          	sw	a1,-40(s0)
D:\FC2practicasWS\pr4\Debug/../pr4.c:36
  a0:	fe042623          	sw	zero,-20(s0)
  a4:	fe042423          	sw	zero,-24(s0)
D:\FC2practicasWS\pr4\Debug/../pr4.c:37
  a8:	fdc42783          	lw	a5,-36(s0)
  ac:	0207d663          	bgez	a5,d8 <mul+0x4c>
D:\FC2practicasWS\pr4\Debug/../pr4.c:38
  b0:	00100793          	li	a5,1
  b4:	fef42423          	sw	a5,-24(s0)
D:\FC2practicasWS\pr4\Debug/../pr4.c:39
  b8:	fdc42783          	lw	a5,-36(s0)
  bc:	40f007b3          	neg	a5,a5
  c0:	fcf42e23          	sw	a5,-36(s0)
D:\FC2practicasWS\pr4\Debug/../pr4.c:41
  c4:	0140006f          	j	d8 <mul+0x4c>
D:\FC2practicasWS\pr4\Debug/../pr4.c:41 (discriminator 2)
  c8:	fec42703          	lw	a4,-20(s0)
  cc:	fd842783          	lw	a5,-40(s0)
  d0:	00f707b3          	add	a5,a4,a5
  d4:	fef42623          	sw	a5,-20(s0)
D:\FC2practicasWS\pr4\Debug/../pr4.c:41 (discriminator 1)
  d8:	fdc42783          	lw	a5,-36(s0)
  dc:	fff78713          	addi	a4,a5,-1
  e0:	fce42e23          	sw	a4,-36(s0)
  e4:	fe0792e3          	bnez	a5,c8 <mul+0x3c>
D:\FC2practicasWS\pr4\Debug/../pr4.c:42
  e8:	fe842783          	lw	a5,-24(s0)
  ec:	00078863          	beqz	a5,fc <mul+0x70>
D:\FC2practicasWS\pr4\Debug/../pr4.c:43
  f0:	fec42783          	lw	a5,-20(s0)
  f4:	40f007b3          	neg	a5,a5
  f8:	0080006f          	j	100 <mul+0x74>
D:\FC2practicasWS\pr4\Debug/../pr4.c:45
  fc:	fec42783          	lw	a5,-20(s0)
D:\FC2practicasWS\pr4\Debug/../pr4.c:46
 100:	00078513          	mv	a0,a5
 104:	02c12403          	lw	s0,44(sp)
 108:	03010113          	addi	sp,sp,48
 10c:	00008067          	ret

Disassembly of section .text.i_sqrt:

00000110 <i_sqrt>:
i_sqrt():
D:\FC2practicasWS\pr4\Debug/../pr4.c:51
 110:	fd010113          	addi	sp,sp,-48
 114:	02112623          	sw	ra,44(sp)
 118:	02812423          	sw	s0,40(sp)
 11c:	03010413          	addi	s0,sp,48
 120:	fca42e23          	sw	a0,-36(s0)
D:\FC2practicasWS\pr4\Debug/../pr4.c:52
 124:	fe042623          	sw	zero,-20(s0)
D:\FC2practicasWS\pr4\Debug/../pr4.c:53
 128:	0100006f          	j	138 <i_sqrt+0x28>
D:\FC2practicasWS\pr4\Debug/../pr4.c:54
 12c:	fec42783          	lw	a5,-20(s0)
 130:	00178793          	addi	a5,a5,1
 134:	fef42623          	sw	a5,-20(s0)
D:\FC2practicasWS\pr4\Debug/../pr4.c:53
 138:	fec42583          	lw	a1,-20(s0)
 13c:	fec42503          	lw	a0,-20(s0)
 140:	f4dff0ef          	jal	ra,8c <mul>
 144:	00050713          	mv	a4,a0
 148:	fdc42783          	lw	a5,-36(s0)
 14c:	fef740e3          	blt	a4,a5,12c <i_sqrt+0x1c>
D:\FC2practicasWS\pr4\Debug/../pr4.c:56
 150:	fec42783          	lw	a5,-20(s0)
D:\FC2practicasWS\pr4\Debug/../pr4.c:57
 154:	00078513          	mv	a0,a5
 158:	02c12083          	lw	ra,44(sp)
 15c:	02812403          	lw	s0,40(sp)
 160:	03010113          	addi	sp,sp,48
 164:	00008067          	ret

Disassembly of section .text.main:

00000168 <main>:
main():
D:\FC2practicasWS\pr4\Debug/../pr4.c:74
 168:	fe010113          	addi	sp,sp,-32
 16c:	00112e23          	sw	ra,28(sp)
 170:	00812c23          	sw	s0,24(sp)
 174:	02010413          	addi	s0,sp,32
D:\FC2practicasWS\pr4\Debug/../pr4.c:76
 178:	00500593          	li	a1,5
 17c:	000107b7          	lui	a5,0x10
 180:	00078513          	mv	a0,a5
 184:	e7dff0ef          	jal	ra,0 <eucl_dist>
 188:	fea42623          	sw	a0,-20(s0)
D:\FC2practicasWS\pr4\Debug/../pr4.c:77
 18c:	00500593          	li	a1,5
 190:	000107b7          	lui	a5,0x10
 194:	01478513          	addi	a0,a5,20 # 10014 <V>
 198:	e69ff0ef          	jal	ra,0 <eucl_dist>
 19c:	fea42423          	sw	a0,-24(s0)
D:\FC2practicasWS\pr4\Debug/../pr4.c:79
 1a0:	fec42703          	lw	a4,-20(s0)
 1a4:	fe842783          	lw	a5,-24(s0)
 1a8:	00e7a7b3          	slt	a5,a5,a4
 1ac:	0ff7f793          	andi	a5,a5,255
 1b0:	fef403a3          	sb	a5,-25(s0)
D:\FC2practicasWS\pr4\Debug/../pr4.c:80
 1b4:	fe740703          	lb	a4,-25(s0)
 1b8:	000107b7          	lui	a5,0x10
 1bc:	02878593          	addi	a1,a5,40 # 10028 <mayor_u>
 1c0:	00070513          	mv	a0,a4
 1c4:	eadff0ef          	jal	ra,70 <guardar>
D:\FC2practicasWS\pr4\Debug/../pr4.c:82 (discriminator 1)
 1c8:	0000006f          	j	1c8 <main+0x60>
