
pr4_lab.elf:     file format elf32-littleriscv
pr4_lab.elf
architecture: riscv:rv32, flags 0x00000112:
EXEC_P, HAS_SYMS, D_PAGED
start address 0x0000021c

Program Header:
    LOAD off    0x00001000 vaddr 0x00000000 paddr 0x00000000 align 2**12
         filesz 0x000002c0 memsz 0x000002c0 flags r-x
    LOAD off    0x00002000 vaddr 0x00010000 paddr 0x00010000 align 2**12
         filesz 0x00000028 memsz 0x00000040 flags rw-

Sections:
Idx Name               Size      VMA       LMA       File off  Algn  Flags
  0 .text              00000110  00000000  00000000  00001000  2**2  CONTENTS, ALLOC, LOAD, READONLY, CODE
  1 .text.mul          00000084  00000110  00000110  00001110  2**2  CONTENTS, ALLOC, LOAD, READONLY, CODE
  2 .text.i_sqrt       00000058  00000194  00000194  00001194  2**2  CONTENTS, ALLOC, LOAD, READONLY, CODE
  3 .text.guardar_word 00000030  000001ec  000001ec  000011ec  2**2  CONTENTS, ALLOC, LOAD, READONLY, CODE
  4 .text.main         000000a4  0000021c  0000021c  0000121c  2**2  CONTENTS, ALLOC, LOAD, READONLY, CODE
  5 .data.U            00000014  00010000  00010000  00002000  2**2  CONTENTS, ALLOC, LOAD, DATA
  6 .data.V            00000014  00010014  00010014  00002014  2**2  CONTENTS, ALLOC, LOAD, DATA
  7 .sbss.mayor_u      00000001  00010028  00010028  00002028  2**0  ALLOC
  8 .bss.MAY           00000014  0001002c  0001002c  00002028  2**2  ALLOC
  9 .riscv.attributes  00000021  00000000  00000000  00002028  2**0  CONTENTS, READONLY
 10 .comment           00000012  00000000  00000000  00002049  2**0  CONTENTS, READONLY
 11 .debug_line        00000352  00000000  00000000  0000205b  2**0  CONTENTS, READONLY, DEBUGGING, OCTETS
 12 .debug_info        000001be  00000000  00000000  000023ad  2**0  CONTENTS, READONLY, DEBUGGING, OCTETS
 13 .debug_abbrev      00000136  00000000  00000000  0000256b  2**0  CONTENTS, READONLY, DEBUGGING, OCTETS
 14 .debug_aranges     00000058  00000000  00000000  000026a8  2**3  CONTENTS, READONLY, DEBUGGING, OCTETS
 15 .debug_str         0000242e  00000000  00000000  00002700  2**0  CONTENTS, READONLY, DEBUGGING, OCTETS
 16 .debug_ranges      00000028  00000000  00000000  00004b2e  2**0  CONTENTS, READONLY, DEBUGGING, OCTETS
 17 .debug_macro       000006ff  00000000  00000000  00004b56  2**0  CONTENTS, READONLY, DEBUGGING, OCTETS
 18 .debug_frame       0000009c  00000000  00000000  00005258  2**2  CONTENTS, READONLY, DEBUGGING, OCTETS
SYMBOL TABLE:
00000000 l    d  .text	00000000 .text
00000110 l    d  .text.mul	00000000 .text.mul
00000194 l    d  .text.i_sqrt	00000000 .text.i_sqrt
000001ec l    d  .text.guardar_word	00000000 .text.guardar_word
0000021c l    d  .text.main	00000000 .text.main
00010000 l    d  .data.U	00000000 .data.U
00010014 l    d  .data.V	00000000 .data.V
00010028 l    d  .sbss.mayor_u	00000000 .sbss.mayor_u
0001002c l    d  .bss.MAY	00000000 .bss.MAY
00000000 l    d  .riscv.attributes	00000000 .riscv.attributes
00000000 l    d  .comment	00000000 .comment
00000000 l    d  .debug_line	00000000 .debug_line
00000000 l    d  .debug_info	00000000 .debug_info
00000000 l    d  .debug_abbrev	00000000 .debug_abbrev
00000000 l    d  .debug_aranges	00000000 .debug_aranges
00000000 l    d  .debug_str	00000000 .debug_str
00000000 l    d  .debug_ranges	00000000 .debug_ranges
00000000 l    d  .debug_macro	00000000 .debug_macro
00000000 l    d  .debug_frame	00000000 .debug_frame
00000000 l    df *ABS*	00000000 ./fun_asm.o
00000028 l       .text	00000000 for
0000004c l       .text	00000000 return_eucl
000000c4 l       .text	00000000 for_guardar
000000f0 l       .text	00000000 fin_for_guardar
00000000 l    df *ABS*	00000000 pr4_lab.c
00000000 g       .text	00000000 eucl_dist
00000194 g     F .text.i_sqrt	00000058 i_sqrt
0001002c g     O .bss.MAY	00000014 MAY
00010014 g     O .data.V	00000014 V
00000110 g     F .text.mul	00000084 mul
0000021c g     F .text.main	000000a4 main
00010028 g     O .sbss.mayor_u	00000001 mayor_u
00010000 g     O .data.U	00000014 U
00000098 g       .text	00000000 guardar_vector
000001ec g     F .text.guardar_word	00000030 guardar_word
00000070 g       .text	00000000 guardar



Disassembly of section .text:

00000000 <eucl_dist>:
eucl_dist():
D:\FC2practicasWS\pr4_lab\Debug/../fun_asm.asm:23
.extern guardar_word

//int eucl_dist(int * w, int size);
eucl_dist:
    //recibo dirección de W en a0, y tamaño N en a1
    addi sp, sp, -20
   0:	fec10113          	addi	sp,sp,-20
D:\FC2practicasWS\pr4_lab\Debug/../fun_asm.asm:24
    sw ra, 16(sp)
   4:	00112823          	sw	ra,16(sp)
D:\FC2practicasWS\pr4_lab\Debug/../fun_asm.asm:25
    sw s0, 12(sp)
   8:	00812623          	sw	s0,12(sp)
D:\FC2practicasWS\pr4_lab\Debug/../fun_asm.asm:26
    sw s1, 8(sp)
   c:	00912423          	sw	s1,8(sp)
D:\FC2practicasWS\pr4_lab\Debug/../fun_asm.asm:27
    sw s2, 4(sp)
  10:	01212223          	sw	s2,4(sp)
D:\FC2practicasWS\pr4_lab\Debug/../fun_asm.asm:28
    sw s3, 0(sp)
  14:	01312023          	sw	s3,0(sp)
D:\FC2practicasWS\pr4_lab\Debug/../fun_asm.asm:30

    mv s0, a0 //s0 guarda W
  18:	00050413          	mv	s0,a0
D:\FC2practicasWS\pr4_lab\Debug/../fun_asm.asm:31
    mv s1, a1 //s1 guarda N
  1c:	00058493          	mv	s1,a1
D:\FC2practicasWS\pr4_lab\Debug/../fun_asm.asm:32
    li s2, 0 //s2 guarda acc
  20:	00000913          	li	s2,0
D:\FC2practicasWS\pr4_lab\Debug/../fun_asm.asm:33
    li s3, 0 //s3 guarda i
  24:	00000993          	li	s3,0

00000028 <for>:
for():
D:\FC2practicasWS\pr4_lab\Debug/../fun_asm.asm:37

    //realizo los cálculos pertinentes
for:
	bge s3, s1, return_eucl
  28:	0299d263          	bge	s3,s1,4c <return_eucl>
D:\FC2practicasWS\pr4_lab\Debug/../fun_asm.asm:38
	lw a0, 0(s0) //1er arg: W[i]
  2c:	00042503          	lw	a0,0(s0)
D:\FC2practicasWS\pr4_lab\Debug/../fun_asm.asm:39
	lw a1, 0(s0) //2º arg: W[i]
  30:	00042583          	lw	a1,0(s0)
D:\FC2practicasWS\pr4_lab\Debug/../fun_asm.asm:40
	call mul //llamada a mul
  34:	0dc000ef          	jal	ra,110 <mul>
D:\FC2practicasWS\pr4_lab\Debug/../fun_asm.asm:41
	mv t0, a0
  38:	00050293          	mv	t0,a0
D:\FC2practicasWS\pr4_lab\Debug/../fun_asm.asm:43
	//sw a0, 0(t0) //guardo el resultado de mul
	add s2, s2, t0 //acc+=mul
  3c:	00590933          	add	s2,s2,t0
D:\FC2practicasWS\pr4_lab\Debug/../fun_asm.asm:45

	addi s3, s3,1 //i++
  40:	00198993          	addi	s3,s3,1
D:\FC2practicasWS\pr4_lab\Debug/../fun_asm.asm:46
	addi s0, s0, 4 //W++
  44:	00440413          	addi	s0,s0,4
D:\FC2practicasWS\pr4_lab\Debug/../fun_asm.asm:47
	j for
  48:	fe1ff06f          	j	28 <for>

0000004c <return_eucl>:
return_eucl():
D:\FC2practicasWS\pr4_lab\Debug/../fun_asm.asm:50
return_eucl:
    //devuelvo el resultado en a0
    mv a0, s2
  4c:	00090513          	mv	a0,s2
D:\FC2practicasWS\pr4_lab\Debug/../fun_asm.asm:51
    call i_sqrt
  50:	144000ef          	jal	ra,194 <i_sqrt>
D:\FC2practicasWS\pr4_lab\Debug/../fun_asm.asm:53

    lw ra, 16(sp)
  54:	01012083          	lw	ra,16(sp)
D:\FC2practicasWS\pr4_lab\Debug/../fun_asm.asm:54
    lw s0, 12(sp)
  58:	00c12403          	lw	s0,12(sp)
D:\FC2practicasWS\pr4_lab\Debug/../fun_asm.asm:55
    lw s1, 8(sp)
  5c:	00812483          	lw	s1,8(sp)
D:\FC2practicasWS\pr4_lab\Debug/../fun_asm.asm:56
    lw s2, 4(sp)
  60:	00412903          	lw	s2,4(sp)
D:\FC2practicasWS\pr4_lab\Debug/../fun_asm.asm:57
    lw s3, 0(sp)
  64:	00012983          	lw	s3,0(sp)
D:\FC2practicasWS\pr4_lab\Debug/../fun_asm.asm:58
    addi sp, sp, 20
  68:	01410113          	addi	sp,sp,20
D:\FC2practicasWS\pr4_lab\Debug/../fun_asm.asm:59
    ret //ret i_sqrt?
  6c:	00008067          	ret

00000070 <guardar>:
guardar():
D:\FC2practicasWS\pr4_lab\Debug/../fun_asm.asm:64

//int guardar(char valor, char * ubicacion);
guardar:
    //recibo el valor en a0, y la dirección destino en a1
    addi sp, sp, -8
  70:	ff810113          	addi	sp,sp,-8
D:\FC2practicasWS\pr4_lab\Debug/../fun_asm.asm:65
    sw s0, 4(sp)
  74:	00812223          	sw	s0,4(sp)
D:\FC2practicasWS\pr4_lab\Debug/../fun_asm.asm:66
    sw s1, 0(sp)
  78:	00912023          	sw	s1,0(sp)
D:\FC2practicasWS\pr4_lab\Debug/../fun_asm.asm:68

    mv s0, a0 //s0 guarda valor
  7c:	00050413          	mv	s0,a0
D:\FC2practicasWS\pr4_lab\Debug/../fun_asm.asm:69
    mv s1, a1 //s1 guarda ubicación
  80:	00058493          	mv	s1,a1
D:\FC2practicasWS\pr4_lab\Debug/../fun_asm.asm:70
    mv a1, a0
  84:	00050593          	mv	a1,a0
D:\FC2practicasWS\pr4_lab\Debug/../fun_asm.asm:72

    lw s0, 4(sp)
  88:	00412403          	lw	s0,4(sp)
D:\FC2practicasWS\pr4_lab\Debug/../fun_asm.asm:73
    lw s1, 0(sp)
  8c:	00012483          	lw	s1,0(sp)
D:\FC2practicasWS\pr4_lab\Debug/../fun_asm.asm:74
    addi sp, sp, 8
  90:	00810113          	addi	sp,sp,8
D:\FC2practicasWS\pr4_lab\Debug/../fun_asm.asm:75
    ret
  94:	00008067          	ret

00000098 <guardar_vector>:
guardar_vector():
D:\FC2practicasWS\pr4_lab\Debug/../fun_asm.asm:78
    //asegurarse que sólo se guarda UN BYTE!!
guardar_vector:
	addi sp, sp, -24
  98:	fe810113          	addi	sp,sp,-24
D:\FC2practicasWS\pr4_lab\Debug/../fun_asm.asm:79
    sw ra, 20(sp)
  9c:	00112a23          	sw	ra,20(sp)
D:\FC2practicasWS\pr4_lab\Debug/../fun_asm.asm:80
    sw s0, 16(sp)
  a0:	00812823          	sw	s0,16(sp)
D:\FC2practicasWS\pr4_lab\Debug/../fun_asm.asm:81
    sw s1, 12(sp)
  a4:	00912623          	sw	s1,12(sp)
D:\FC2practicasWS\pr4_lab\Debug/../fun_asm.asm:82
    sw s2, 8(sp)
  a8:	01212423          	sw	s2,8(sp)
D:\FC2practicasWS\pr4_lab\Debug/../fun_asm.asm:83
    sw s3, 4(sp)
  ac:	01312223          	sw	s3,4(sp)
D:\FC2practicasWS\pr4_lab\Debug/../fun_asm.asm:84
    sw s4, 0(sp)
  b0:	01412023          	sw	s4,0(sp)
D:\FC2practicasWS\pr4_lab\Debug/../fun_asm.asm:86

	mv s0, a0 //s0 guarda vector[]
  b4:	00050413          	mv	s0,a0
D:\FC2practicasWS\pr4_lab\Debug/../fun_asm.asm:87
    mv s1, a1 //s1 guarda destino[]
  b8:	00058493          	mv	s1,a1
D:\FC2practicasWS\pr4_lab\Debug/../fun_asm.asm:88
    mv s2, a2 //s2 guarda N (size)
  bc:	00060913          	mv	s2,a2
D:\FC2practicasWS\pr4_lab\Debug/../fun_asm.asm:90
    //li s3, 0 //s3 guarda valor
    li s4, 0 //s4 guarda i
  c0:	00000a13          	li	s4,0

000000c4 <for_guardar>:
for_guardar():
D:\FC2practicasWS\pr4_lab\Debug/../fun_asm.asm:92
for_guardar:
	bge s4,s2,fin_for_guardar
  c4:	032a5663          	bge	s4,s2,f0 <fin_for_guardar>
D:\FC2practicasWS\pr4_lab\Debug/../fun_asm.asm:94

	mv s3, a0 //s3 guarda el valor de vector[i]
  c8:	00050993          	mv	s3,a0
D:\FC2practicasWS\pr4_lab\Debug/../fun_asm.asm:95
	mv s5, s1 //s5 guarda el valor de destino[i]
  cc:	00048a93          	mv	s5,s1
D:\FC2practicasWS\pr4_lab\Debug/../fun_asm.asm:97

	lw a0, 0(s3) //1er arg: valor
  d0:	0009a503          	lw	a0,0(s3)
D:\FC2practicasWS\pr4_lab\Debug/../fun_asm.asm:98
	lw a1, 0(s5) //2º arg: direccion
  d4:	000aa583          	lw	a1,0(s5)
D:\FC2practicasWS\pr4_lab\Debug/../fun_asm.asm:99
	call guardar_word
  d8:	114000ef          	jal	ra,1ec <guardar_word>
D:\FC2practicasWS\pr4_lab\Debug/../fun_asm.asm:101
	//mv t1, a0
	sw a0, 0(s5)
  dc:	00aaa023          	sw	a0,0(s5)
D:\FC2practicasWS\pr4_lab\Debug/../fun_asm.asm:103

	addi s4, s4,1 //i++
  e0:	001a0a13          	addi	s4,s4,1
D:\FC2practicasWS\pr4_lab\Debug/../fun_asm.asm:104
	addi s0, s0, 4 //vector[i]++
  e4:	00440413          	addi	s0,s0,4
D:\FC2practicasWS\pr4_lab\Debug/../fun_asm.asm:105
	addi s1, s1, 4 //destino[i]++
  e8:	00448493          	addi	s1,s1,4
D:\FC2practicasWS\pr4_lab\Debug/../fun_asm.asm:107

	j for_guardar
  ec:	fd9ff06f          	j	c4 <for_guardar>

000000f0 <fin_for_guardar>:
fin_for_guardar():
D:\FC2practicasWS\pr4_lab\Debug/../fun_asm.asm:110

fin_for_guardar:
    lw ra, 20(sp)
  f0:	01412083          	lw	ra,20(sp)
D:\FC2practicasWS\pr4_lab\Debug/../fun_asm.asm:111
    lw s0, 16(sp)
  f4:	01012403          	lw	s0,16(sp)
D:\FC2practicasWS\pr4_lab\Debug/../fun_asm.asm:112
    lw s1, 12(sp)
  f8:	00c12483          	lw	s1,12(sp)
D:\FC2practicasWS\pr4_lab\Debug/../fun_asm.asm:113
    lw s2, 8(sp)
  fc:	00812903          	lw	s2,8(sp)
D:\FC2practicasWS\pr4_lab\Debug/../fun_asm.asm:114
    lw s3, 4(sp)
 100:	00412983          	lw	s3,4(sp)
D:\FC2practicasWS\pr4_lab\Debug/../fun_asm.asm:115
    lw s4, 0(sp)
 104:	00012a03          	lw	s4,0(sp)
D:\FC2practicasWS\pr4_lab\Debug/../fun_asm.asm:116
    addi sp, sp, 24
 108:	01810113          	addi	sp,sp,24
D:\FC2practicasWS\pr4_lab\Debug/../fun_asm.asm:117
    ret
 10c:	00008067          	ret

Disassembly of section .text.mul:

00000110 <mul>:
mul():
E:\FC2practicasWS\pr4_lab\Debug/../pr4_lab.c:35
 110:	fd010113          	addi	sp,sp,-48
 114:	02812623          	sw	s0,44(sp)
 118:	03010413          	addi	s0,sp,48
 11c:	fca42e23          	sw	a0,-36(s0)
 120:	fcb42c23          	sw	a1,-40(s0)
E:\FC2practicasWS\pr4_lab\Debug/../pr4_lab.c:36
 124:	fe042623          	sw	zero,-20(s0)
 128:	fe042423          	sw	zero,-24(s0)
E:\FC2practicasWS\pr4_lab\Debug/../pr4_lab.c:37
 12c:	fdc42783          	lw	a5,-36(s0)
 130:	0207d663          	bgez	a5,15c <mul+0x4c>
E:\FC2practicasWS\pr4_lab\Debug/../pr4_lab.c:38
 134:	00100793          	li	a5,1
 138:	fef42423          	sw	a5,-24(s0)
E:\FC2practicasWS\pr4_lab\Debug/../pr4_lab.c:39
 13c:	fdc42783          	lw	a5,-36(s0)
 140:	40f007b3          	neg	a5,a5
 144:	fcf42e23          	sw	a5,-36(s0)
E:\FC2practicasWS\pr4_lab\Debug/../pr4_lab.c:41
 148:	0140006f          	j	15c <mul+0x4c>
E:\FC2practicasWS\pr4_lab\Debug/../pr4_lab.c:41 (discriminator 2)
 14c:	fec42703          	lw	a4,-20(s0)
 150:	fd842783          	lw	a5,-40(s0)
 154:	00f707b3          	add	a5,a4,a5
 158:	fef42623          	sw	a5,-20(s0)
E:\FC2practicasWS\pr4_lab\Debug/../pr4_lab.c:41 (discriminator 1)
 15c:	fdc42783          	lw	a5,-36(s0)
 160:	fff78713          	addi	a4,a5,-1
 164:	fce42e23          	sw	a4,-36(s0)
 168:	fe0792e3          	bnez	a5,14c <mul+0x3c>
E:\FC2practicasWS\pr4_lab\Debug/../pr4_lab.c:42
 16c:	fe842783          	lw	a5,-24(s0)
 170:	00078863          	beqz	a5,180 <mul+0x70>
E:\FC2practicasWS\pr4_lab\Debug/../pr4_lab.c:43
 174:	fec42783          	lw	a5,-20(s0)
 178:	40f007b3          	neg	a5,a5
 17c:	0080006f          	j	184 <mul+0x74>
E:\FC2practicasWS\pr4_lab\Debug/../pr4_lab.c:45
 180:	fec42783          	lw	a5,-20(s0)
E:\FC2practicasWS\pr4_lab\Debug/../pr4_lab.c:46
 184:	00078513          	mv	a0,a5
 188:	02c12403          	lw	s0,44(sp)
 18c:	03010113          	addi	sp,sp,48
 190:	00008067          	ret

Disassembly of section .text.i_sqrt:

00000194 <i_sqrt>:
i_sqrt():
E:\FC2practicasWS\pr4_lab\Debug/../pr4_lab.c:51
 194:	fd010113          	addi	sp,sp,-48
 198:	02112623          	sw	ra,44(sp)
 19c:	02812423          	sw	s0,40(sp)
 1a0:	03010413          	addi	s0,sp,48
 1a4:	fca42e23          	sw	a0,-36(s0)
E:\FC2practicasWS\pr4_lab\Debug/../pr4_lab.c:52
 1a8:	fe042623          	sw	zero,-20(s0)
E:\FC2practicasWS\pr4_lab\Debug/../pr4_lab.c:53
 1ac:	0100006f          	j	1bc <i_sqrt+0x28>
E:\FC2practicasWS\pr4_lab\Debug/../pr4_lab.c:54
 1b0:	fec42783          	lw	a5,-20(s0)
 1b4:	00178793          	addi	a5,a5,1
 1b8:	fef42623          	sw	a5,-20(s0)
E:\FC2practicasWS\pr4_lab\Debug/../pr4_lab.c:53
 1bc:	fec42583          	lw	a1,-20(s0)
 1c0:	fec42503          	lw	a0,-20(s0)
 1c4:	f4dff0ef          	jal	ra,110 <mul>
 1c8:	00050713          	mv	a4,a0
 1cc:	fdc42783          	lw	a5,-36(s0)
 1d0:	fef740e3          	blt	a4,a5,1b0 <i_sqrt+0x1c>
E:\FC2practicasWS\pr4_lab\Debug/../pr4_lab.c:56
 1d4:	fec42783          	lw	a5,-20(s0)
E:\FC2practicasWS\pr4_lab\Debug/../pr4_lab.c:57
 1d8:	00078513          	mv	a0,a5
 1dc:	02c12083          	lw	ra,44(sp)
 1e0:	02812403          	lw	s0,40(sp)
 1e4:	03010113          	addi	sp,sp,48
 1e8:	00008067          	ret

Disassembly of section .text.guardar_word:

000001ec <guardar_word>:
guardar_word():
E:\FC2practicasWS\pr4_lab\Debug/../pr4_lab.c:72
 1ec:	fe010113          	addi	sp,sp,-32
 1f0:	00812e23          	sw	s0,28(sp)
 1f4:	02010413          	addi	s0,sp,32
 1f8:	fea42623          	sw	a0,-20(s0)
 1fc:	feb42423          	sw	a1,-24(s0)
E:\FC2practicasWS\pr4_lab\Debug/../pr4_lab.c:73
 200:	fe842783          	lw	a5,-24(s0)
 204:	fec42703          	lw	a4,-20(s0)
 208:	00e7a023          	sw	a4,0(a5)
E:\FC2practicasWS\pr4_lab\Debug/../pr4_lab.c:74
 20c:	00000013          	nop
 210:	01c12403          	lw	s0,28(sp)
 214:	02010113          	addi	sp,sp,32
 218:	00008067          	ret

Disassembly of section .text.main:

0000021c <main>:
main():
E:\FC2practicasWS\pr4_lab\Debug/../pr4_lab.c:93
 21c:	fe010113          	addi	sp,sp,-32
 220:	00112e23          	sw	ra,28(sp)
 224:	00812c23          	sw	s0,24(sp)
 228:	02010413          	addi	s0,sp,32
E:\FC2practicasWS\pr4_lab\Debug/../pr4_lab.c:95
 22c:	00500593          	li	a1,5
 230:	000107b7          	lui	a5,0x10
 234:	00078513          	mv	a0,a5
 238:	dc9ff0ef          	jal	ra,0 <eucl_dist>
 23c:	fea42623          	sw	a0,-20(s0)
E:\FC2practicasWS\pr4_lab\Debug/../pr4_lab.c:96
 240:	00500593          	li	a1,5
 244:	000107b7          	lui	a5,0x10
 248:	01478513          	addi	a0,a5,20 # 10014 <V>
 24c:	db5ff0ef          	jal	ra,0 <eucl_dist>
 250:	fea42423          	sw	a0,-24(s0)
E:\FC2practicasWS\pr4_lab\Debug/../pr4_lab.c:98
 254:	fec42703          	lw	a4,-20(s0)
 258:	fe842783          	lw	a5,-24(s0)
 25c:	00e7a7b3          	slt	a5,a5,a4
 260:	0ff7f793          	andi	a5,a5,255
 264:	fef403a3          	sb	a5,-25(s0)
E:\FC2practicasWS\pr4_lab\Debug/../pr4_lab.c:99
 268:	fe740703          	lb	a4,-25(s0)
 26c:	000107b7          	lui	a5,0x10
 270:	02878593          	addi	a1,a5,40 # 10028 <mayor_u>
 274:	00070513          	mv	a0,a4
 278:	df9ff0ef          	jal	ra,70 <guardar>
E:\FC2practicasWS\pr4_lab\Debug/../pr4_lab.c:101
 27c:	000107b7          	lui	a5,0x10
 280:	02878783          	lb	a5,40(a5) # 10028 <mayor_u>
 284:	02078063          	beqz	a5,2a4 <main+0x88>
E:\FC2practicasWS\pr4_lab\Debug/../pr4_lab.c:102
 288:	00500613          	li	a2,5
 28c:	000107b7          	lui	a5,0x10
 290:	02c78593          	addi	a1,a5,44 # 1002c <MAY>
 294:	000107b7          	lui	a5,0x10
 298:	00078513          	mv	a0,a5
 29c:	dfdff0ef          	jal	ra,98 <guardar_vector>
 2a0:	01c0006f          	j	2bc <main+0xa0>
E:\FC2practicasWS\pr4_lab\Debug/../pr4_lab.c:104
 2a4:	00500613          	li	a2,5
 2a8:	000107b7          	lui	a5,0x10
 2ac:	02c78593          	addi	a1,a5,44 # 1002c <MAY>
 2b0:	000107b7          	lui	a5,0x10
 2b4:	01478513          	addi	a0,a5,20 # 10014 <V>
 2b8:	de1ff0ef          	jal	ra,98 <guardar_vector>
E:\FC2practicasWS\pr4_lab\Debug/../pr4_lab.c:107 (discriminator 1)
 2bc:	0000006f          	j	2bc <main+0xa0>
